<?xml version="1.0" encoding="UTF-8"?>
<!-- Generated by org.testng.reporters.JUnitReportReporter -->
<testsuite skipped="0" hostname="Microsoft-PC" name="SPRINT1_Registration.Registration_DataDrivenTest" tests="24" failures="0" timestamp="27 Nov 2017 12:30:47 GMT" time="15.834" errors="0">
  <testcase name="signup_valid_test" time="0.002" classname="SPRINT1_Registration.Registration_DataDrivenTest"/>
  <testcase name="signup_valid_test" time="0.002" classname="SPRINT1_Registration.Registration_DataDrivenTest"/>
  <testcase name="signup_valid_test" time="0.003" classname="SPRINT1_Registration.Registration_DataDrivenTest"/>
  <testcase name="signup_valid_test" time="0.003" classname="SPRINT1_Registration.Registration_DataDrivenTest"/>
  <testcase name="signup_valid_test" time="0.002" classname="SPRINT1_Registration.Registration_DataDrivenTest"/>
  <testcase name="signup_valid_test" time="0.002" classname="SPRINT1_Registration.Registration_DataDrivenTest"/>
  <testcase name="signup_valid_test" time="0.002" classname="SPRINT1_Registration.Registration_DataDrivenTest"/>
  <testcase name="signup_valid_test" time="0.002" classname="SPRINT1_Registration.Registration_DataDrivenTest"/>
  <testcase name="signup_valid_test" time="0.003" classname="SPRINT1_Registration.Registration_DataDrivenTest"/>
  <testcase name="signup_valid_test" time="0.002" classname="SPRINT1_Registration.Registration_DataDrivenTest"/>
  <testcase name="signup_valid_test" time="0.002" classname="SPRINT1_Registration.Registration_DataDrivenTest"/>
  <testcase name="signup_valid_test" time="0.001" classname="SPRINT1_Registration.Registration_DataDrivenTest"/>
  <testcase name="signup_valid_test" time="0.006" classname="SPRINT1_Registration.Registration_DataDrivenTest"/>
  <testcase name="signup_valid_test" time="0.006" classname="SPRINT1_Registration.Registration_DataDrivenTest"/>
  <testcase name="signup_valid_test" time="0.002" classname="SPRINT1_Registration.Registration_DataDrivenTest"/>
  <testcase name="signup_valid_test" time="15.773" classname="SPRINT1_Registration.Registration_DataDrivenTest"/>
  <testcase name="signup_valid_test" time="0.001" classname="SPRINT1_Registration.Registration_DataDrivenTest"/>
  <testcase name="signup_valid_test" time="0.003" classname="SPRINT1_Registration.Registration_DataDrivenTest"/>
  <testcase name="signup_valid_test" time="0.002" classname="SPRINT1_Registration.Registration_DataDrivenTest"/>
  <testcase name="signup_valid_test" time="0.003" classname="SPRINT1_Registration.Registration_DataDrivenTest"/>
  <testcase name="signup_valid_test" time="0.002" classname="SPRINT1_Registration.Registration_DataDrivenTest"/>
  <testcase name="signup_valid_test" time="0.005" classname="SPRINT1_Registration.Registration_DataDrivenTest"/>
  <testcase name="signup_valid_test" time="0.002" classname="SPRINT1_Registration.Registration_DataDrivenTest"/>
  <testcase name="signup_valid_test" time="0.003" classname="SPRINT1_Registration.Registration_DataDrivenTest"/>
</testsuite> <!-- SPRINT1_Registration.Registration_DataDrivenTest -->
