<?xml version="1.0" encoding="UTF-8"?>
<!-- Generated by org.testng.reporters.JUnitReportReporter -->
<testsuite skipped="1" hostname="Microsoft-PC" name="SPRINT2_Threads_Private.Thread_DataDrivenTest" tests="2" failures="0" timestamp="07 Dec 2017 13:51:48 GMT" time="51.615" errors="0">
  <testcase name="thread_already" time="51.615" classname="SPRINT2_Threads_Private.Thread_DataDrivenTest"/>
  <testcase name="Thread_Private" classname="SPRINT2_Threads_Private.Thread_DataDrivenTest">
    <skipped/>
  </testcase> <!-- Thread_Private -->
</testsuite> <!-- SPRINT2_Threads_Private.Thread_DataDrivenTest -->
