<?xml version="1.0" encoding="UTF-8"?>
<!-- Generated by org.testng.reporters.JUnitReportReporter -->
<testsuite skipped="0" hostname="Microsoft-PC" name="SPRINT1_Registration.SignupPreference_DataDrivenTest" tests="24" failures="0" timestamp="17 Nov 2017 13:21:07 GMT" time="80.810" errors="0">
  <testcase name="preference_valid_test" time="0.021" classname="SPRINT1_Registration.SignupPreference_DataDrivenTest"/>
  <testcase name="preference_valid_test" time="0.004" classname="SPRINT1_Registration.SignupPreference_DataDrivenTest"/>
  <testcase name="preference_valid_test" time="0.001" classname="SPRINT1_Registration.SignupPreference_DataDrivenTest"/>
  <testcase name="preference_valid_test" time="0.002" classname="SPRINT1_Registration.SignupPreference_DataDrivenTest"/>
  <testcase name="preference_valid_test" time="0.002" classname="SPRINT1_Registration.SignupPreference_DataDrivenTest"/>
  <testcase name="preference_valid_test" time="0.002" classname="SPRINT1_Registration.SignupPreference_DataDrivenTest"/>
  <testcase name="preference_valid_test" time="0.002" classname="SPRINT1_Registration.SignupPreference_DataDrivenTest"/>
  <testcase name="preference_valid_test" time="0.002" classname="SPRINT1_Registration.SignupPreference_DataDrivenTest"/>
  <testcase name="preference_valid_test" time="0.019" classname="SPRINT1_Registration.SignupPreference_DataDrivenTest"/>
  <testcase name="preference_valid_test" time="0.002" classname="SPRINT1_Registration.SignupPreference_DataDrivenTest"/>
  <testcase name="preference_valid_test" time="0.003" classname="SPRINT1_Registration.SignupPreference_DataDrivenTest"/>
  <testcase name="preference_valid_test" time="27.720" classname="SPRINT1_Registration.SignupPreference_DataDrivenTest"/>
  <testcase name="preference_valid_test" time="0.017" classname="SPRINT1_Registration.SignupPreference_DataDrivenTest"/>
  <testcase name="preference_valid_test" time="0.002" classname="SPRINT1_Registration.SignupPreference_DataDrivenTest"/>
  <testcase name="preference_valid_test" time="0.002" classname="SPRINT1_Registration.SignupPreference_DataDrivenTest"/>
  <testcase name="preference_valid_test" time="0.003" classname="SPRINT1_Registration.SignupPreference_DataDrivenTest"/>
  <testcase name="preference_valid_test" time="52.987" classname="SPRINT1_Registration.SignupPreference_DataDrivenTest"/>
  <testcase name="preference_valid_test" time="0.002" classname="SPRINT1_Registration.SignupPreference_DataDrivenTest"/>
  <testcase name="preference_valid_test" time="0.002" classname="SPRINT1_Registration.SignupPreference_DataDrivenTest"/>
  <testcase name="preference_valid_test" time="0.002" classname="SPRINT1_Registration.SignupPreference_DataDrivenTest"/>
  <testcase name="preference_valid_test" time="0.003" classname="SPRINT1_Registration.SignupPreference_DataDrivenTest"/>
  <testcase name="preference_valid_test" time="0.002" classname="SPRINT1_Registration.SignupPreference_DataDrivenTest"/>
  <testcase name="preference_valid_test" time="0.002" classname="SPRINT1_Registration.SignupPreference_DataDrivenTest"/>
  <testcase name="preference_valid_test" time="0.006" classname="SPRINT1_Registration.SignupPreference_DataDrivenTest"/>
</testsuite> <!-- SPRINT1_Registration.SignupPreference_DataDrivenTest -->
