<?xml version="1.0" encoding="UTF-8"?>
<!-- Generated by org.testng.reporters.JUnitReportReporter -->
<testsuite skipped="0" hostname="Microsoft-PC" name="Sprint2_Threads.Thread_DataDrivenTest" tests="4" failures="0" timestamp="06 Dec 2017 08:02:34 GMT" time="307.918" errors="0">
  <testcase name="Thread_Private" time="119.308" classname="Sprint2_Threads.Thread_DataDrivenTest"/>
  <testcase name="Thread_Private" time="125.937" classname="Sprint2_Threads.Thread_DataDrivenTest"/>
  <testcase name="Thread_Delete" time="32.372" classname="Sprint2_Threads.Thread_DataDrivenTest"/>
  <testcase name="Thread_Delete" time="30.301" classname="Sprint2_Threads.Thread_DataDrivenTest"/>
</testsuite> <!-- Sprint2_Threads.Thread_DataDrivenTest -->
