<?xml version="1.0" encoding="UTF-8"?>
<!-- Generated by org.testng.reporters.JUnitReportReporter -->
<testsuite skipped="0" hostname="Microsoft-PC" name="SPRINT1.DataDrivenTest" tests="3" failures="0" timestamp="16 Nov 2017 11:33:04 GMT" time="147.100" errors="0">
  <testcase name="test" time="66.104" classname="SPRINT1.DataDrivenTest"/>
  <testcase name="test" time="43.689" classname="SPRINT1.DataDrivenTest"/>
  <testcase name="test" time="37.307" classname="SPRINT1.DataDrivenTest"/>
</testsuite> <!-- SPRINT1.DataDrivenTest -->
