<?xml version="1.0" encoding="UTF-8"?>
<!-- Generated by org.testng.reporters.JUnitReportReporter -->
<testsuite skipped="0" hostname="Microsoft-PC" name="SPRINT2_Categories.Categories_DataDrivenTest" tests="32" failures="0" timestamp="01 Dec 2017 12:12:56 GMT" time="54.061" errors="0">
  <testcase name="category_Valid_Test" time="0.001" classname="SPRINT2_Categories.Categories_DataDrivenTest"/>
  <testcase name="category_Valid_Test" time="0.002" classname="SPRINT2_Categories.Categories_DataDrivenTest"/>
  <testcase name="category_Valid_Test" time="0.001" classname="SPRINT2_Categories.Categories_DataDrivenTest"/>
  <testcase name="category_Valid_Test" time="0.001" classname="SPRINT2_Categories.Categories_DataDrivenTest"/>
  <testcase name="category_Valid_Test" time="0.011" classname="SPRINT2_Categories.Categories_DataDrivenTest"/>
  <testcase name="category_Valid_Test" time="0.002" classname="SPRINT2_Categories.Categories_DataDrivenTest"/>
  <testcase name="category_Valid_Test" time="0.033" classname="SPRINT2_Categories.Categories_DataDrivenTest"/>
  <testcase name="category_Valid_Test" time="0.014" classname="SPRINT2_Categories.Categories_DataDrivenTest"/>
  <testcase name="category_Valid_Test" time="0.002" classname="SPRINT2_Categories.Categories_DataDrivenTest"/>
  <testcase name="category_Valid_Test" time="0.001" classname="SPRINT2_Categories.Categories_DataDrivenTest"/>
  <testcase name="category_Valid_Test" time="0.002" classname="SPRINT2_Categories.Categories_DataDrivenTest"/>
  <testcase name="category_Valid_Test" time="53.956" classname="SPRINT2_Categories.Categories_DataDrivenTest"/>
  <testcase name="category_Valid_Test" time="0.001" classname="SPRINT2_Categories.Categories_DataDrivenTest"/>
  <testcase name="category_Valid_Test" time="0.002" classname="SPRINT2_Categories.Categories_DataDrivenTest"/>
  <testcase name="category_Valid_Test" time="0.003" classname="SPRINT2_Categories.Categories_DataDrivenTest"/>
  <testcase name="category_Valid_Test" time="0.002" classname="SPRINT2_Categories.Categories_DataDrivenTest"/>
  <testcase name="category_Valid_Test" time="0.001" classname="SPRINT2_Categories.Categories_DataDrivenTest"/>
  <testcase name="category_Valid_Test" time="0.001" classname="SPRINT2_Categories.Categories_DataDrivenTest"/>
  <testcase name="category_Valid_Test" time="0.001" classname="SPRINT2_Categories.Categories_DataDrivenTest"/>
  <testcase name="category_Valid_Test" time="0.002" classname="SPRINT2_Categories.Categories_DataDrivenTest"/>
  <testcase name="category_Valid_Test" time="0.001" classname="SPRINT2_Categories.Categories_DataDrivenTest"/>
  <testcase name="category_Valid_Test" time="0.003" classname="SPRINT2_Categories.Categories_DataDrivenTest"/>
  <testcase name="category_Valid_Test" time="0.002" classname="SPRINT2_Categories.Categories_DataDrivenTest"/>
  <testcase name="category_Valid_Test" time="0.002" classname="SPRINT2_Categories.Categories_DataDrivenTest"/>
  <testcase name="category_Valid_Test" time="0.002" classname="SPRINT2_Categories.Categories_DataDrivenTest"/>
  <testcase name="category_Valid_Test" time="0.002" classname="SPRINT2_Categories.Categories_DataDrivenTest"/>
  <testcase name="category_Valid_Test" time="0.002" classname="SPRINT2_Categories.Categories_DataDrivenTest"/>
  <testcase name="category_Valid_Test" time="0.001" classname="SPRINT2_Categories.Categories_DataDrivenTest"/>
  <testcase name="category_Valid_Test" time="0.002" classname="SPRINT2_Categories.Categories_DataDrivenTest"/>
  <testcase name="category_Valid_Test" time="0.002" classname="SPRINT2_Categories.Categories_DataDrivenTest"/>
  <testcase name="category_Valid_Test" time="0.002" classname="SPRINT2_Categories.Categories_DataDrivenTest"/>
  <testcase name="category_Valid_Test" time="0.001" classname="SPRINT2_Categories.Categories_DataDrivenTest"/>
</testsuite> <!-- SPRINT2_Categories.Categories_DataDrivenTest -->
