<?xml version="1.0" encoding="UTF-8"?>
<!-- Generated by org.testng.reporters.JUnitReportReporter -->
<testsuite skipped="2" hostname="Microsoft-PC" name="SPRINT2_SortBy.SortBy_DataDrivenTest" tests="16" failures="0" timestamp="09 Dec 2017 09:13:13 GMT" time="0.092" errors="0">
  <testcase name="Sort_Colors" time="0.023" classname="SPRINT2_SortBy.SortBy_DataDrivenTest"/>
  <testcase name="Sort_Colors" time="0.002" classname="SPRINT2_SortBy.SortBy_DataDrivenTest"/>
  <testcase name="Sort_Colors" time="0.002" classname="SPRINT2_SortBy.SortBy_DataDrivenTest"/>
  <testcase name="Sort_Colors" time="0.002" classname="SPRINT2_SortBy.SortBy_DataDrivenTest"/>
  <testcase name="Sort_Colors" time="0.004" classname="SPRINT2_SortBy.SortBy_DataDrivenTest"/>
  <testcase name="Sort_Colors" time="0.004" classname="SPRINT2_SortBy.SortBy_DataDrivenTest"/>
  <testcase name="Sort_Colors" time="0.002" classname="SPRINT2_SortBy.SortBy_DataDrivenTest"/>
  <testcase name="Sort_Colors" time="0.002" classname="SPRINT2_SortBy.SortBy_DataDrivenTest"/>
  <testcase name="Sort_Colors" time="0.002" classname="SPRINT2_SortBy.SortBy_DataDrivenTest"/>
  <testcase name="Sort_Colors" time="0.003" classname="SPRINT2_SortBy.SortBy_DataDrivenTest"/>
  <testcase name="Sort_Colors" time="0.003" classname="SPRINT2_SortBy.SortBy_DataDrivenTest"/>
  <testcase name="Sort_Colors" time="0.005" classname="SPRINT2_SortBy.SortBy_DataDrivenTest"/>
  <testcase name="Sort_Colors" time="0.009" classname="SPRINT2_SortBy.SortBy_DataDrivenTest"/>
  <testcase name="Sort_Colors" time="0.029" classname="SPRINT2_SortBy.SortBy_DataDrivenTest"/>
  <testcase name="Sort_By" classname="SPRINT2_SortBy.SortBy_DataDrivenTest">
    <skipped/>
  </testcase> <!-- Sort_By -->
  <testcase name="SortBy_Spells" classname="SPRINT2_SortBy.SortBy_DataDrivenTest">
    <skipped/>
  </testcase> <!-- SortBy_Spells -->
</testsuite> <!-- SPRINT2_SortBy.SortBy_DataDrivenTest -->
