<?xml version="1.0" encoding="UTF-8"?>
<!-- Generated by org.testng.reporters.JUnitReportReporter -->
<testsuite skipped="1" hostname="Microsoft-PC" name="SPRINT2_Thread_MovePublic.MoveThread_DataDrivenTest" tests="5" failures="0" timestamp="07 Dec 2017 12:25:55 GMT" time="79.519" errors="0">
  <testcase name="Thread_MovePublic" time="0.003" classname="SPRINT2_Thread_MovePublic.MoveThread_DataDrivenTest"/>
  <testcase name="Thread_MovePublic" time="0.020" classname="SPRINT2_Thread_MovePublic.MoveThread_DataDrivenTest"/>
  <testcase name="Thread_MovePublic" time="41.598" classname="SPRINT2_Thread_MovePublic.MoveThread_DataDrivenTest"/>
  <testcase name="Thread_MovePublic" time="37.898" classname="SPRINT2_Thread_MovePublic.MoveThread_DataDrivenTest"/>
  <testcase name="PrivateThread_Only" classname="SPRINT2_Thread_MovePublic.MoveThread_DataDrivenTest">
    <skipped/>
  </testcase> <!-- PrivateThread_Only -->
</testsuite> <!-- SPRINT2_Thread_MovePublic.MoveThread_DataDrivenTest -->
