<?xml version="1.0" encoding="UTF-8"?>
<!-- Generated by org.testng.reporters.JUnitReportReporter -->
<testsuite skipped="9" hostname="Microsoft-PC" name="SPRINT1_Login.DataDrivenTest" tests="14" failures="0" timestamp="13 Dec 2017 12:39:43 GMT" time="101.736" errors="0">
  <testcase name="Login_PasswordLimit" time="22.167" classname="SPRINT1_Login.DataDrivenTest"/>
  <testcase name="Login_PasswordLimit" time="21.198" classname="SPRINT1_Login.DataDrivenTest"/>
  <testcase name="Login_PasswordLimit" time="12.275" classname="SPRINT1_Login.DataDrivenTest"/>
  <testcase name="Login_PasswordLimit" time="25.278" classname="SPRINT1_Login.DataDrivenTest"/>
  <testcase name="Login_PasswordLimit" time="20.818" classname="SPRINT1_Login.DataDrivenTest"/>
  <testcase name="Login_Valid" classname="SPRINT1_Login.DataDrivenTest">
    <skipped/>
  </testcase> <!-- Login_Valid -->
  <testcase name="Login_EmailBlank" classname="SPRINT1_Login.DataDrivenTest">
    <skipped/>
  </testcase> <!-- Login_EmailBlank -->
  <testcase name="Login_ColorCheck" classname="SPRINT1_Login.DataDrivenTest">
    <skipped/>
  </testcase> <!-- Login_ColorCheck -->
  <testcase name="Login_UnRegister" classname="SPRINT1_Login.DataDrivenTest">
    <skipped/>
  </testcase> <!-- Login_UnRegister -->
  <testcase name="Login_FontCheck" classname="SPRINT1_Login.DataDrivenTest">
    <skipped/>
  </testcase> <!-- Login_FontCheck -->
  <testcase name="Login_SpellCheck" classname="SPRINT1_Login.DataDrivenTest">
    <skipped/>
  </testcase> <!-- Login_SpellCheck -->
  <testcase name="Login_Number" classname="SPRINT1_Login.DataDrivenTest">
    <skipped/>
  </testcase> <!-- Login_Number -->
  <testcase name="Login_InvalidEmail" classname="SPRINT1_Login.DataDrivenTest">
    <skipped/>
  </testcase> <!-- Login_InvalidEmail -->
  <testcase name="Login_Pwd_Blank" classname="SPRINT1_Login.DataDrivenTest">
    <skipped/>
  </testcase> <!-- Login_Pwd_Blank -->
</testsuite> <!-- SPRINT1_Login.DataDrivenTest -->
